<?xml version="1.0" encoding="UTF-8"?>
<!-- Generated by org.testng.reporters.JUnitReportReporter -->
<testsuite hostname="DESKTOP-JTVJ7PA" failures="0" tests="2" name="testCases.TC_003_LogginDDT" time="12.026" errors="0" timestamp="2022-12-30T20:32:55 EST" skipped="0">
  <testcase classname="testCases.TC_003_LogginDDT" name="test_loginDDT" time="10.604"/>
  <system-out/>
  <testcase classname="testCases.TC_003_LogginDDT" name="test_loginDDT" time="1.422"/>
  <system-out/>
</testsuite> <!-- testCases.TC_003_LogginDDT -->
