<?xml version="1.0" encoding="UTF-8"?>
<!-- Generated by org.testng.reporters.JUnitReportReporter -->
<testsuite hostname="DESKTOP-JTVJ7PA" failures="0" tests="1" name="testCases.TC_002_LoginTest" time="0.894" errors="0" timestamp="2022-12-31T13:19:14 EST" skipped="0">
  <testcase classname="testCases.TC_002_LoginTest" name="test_login" time="0.894"/>
  <system-out/>
</testsuite> <!-- testCases.TC_002_LoginTest -->
