<?xml version="1.0" encoding="UTF-8"?>
<!-- Generated by org.testng.reporters.JUnitReportReporter -->
<testsuite hostname="DESKTOP-JTVJ7PA" failures="0" tests="1" name="testCases.TC_001_AccountRegistrationTest" time="1.617" errors="0" timestamp="2022-12-31T14:02:24 EST" skipped="0">
  <testcase classname="testCases.TC_001_AccountRegistrationTest" name="accountRegistration" time="1.617"/>
  <system-out/>
</testsuite> <!-- testCases.TC_001_AccountRegistrationTest -->
